time="2021-10-19T13:01:39+03:00" level=info msg="logger initialized" func=main.main file="/home/ya/GolandProjects/netflix-movies/cmd/main/main.go:22"
time="2021-10-19T13:02:04+03:00" level=info msg="logger initialized" func=main.main file="/home/ya/GolandProjects/netflix-movies/cmd/main/main.go:22"
time="2021-10-19T13:02:04+03:00" level=info msg="config initialized" func=main.main file="/home/ya/GolandProjects/netflix-movies/cmd/main/main.go:25"
time="2021-10-19T13:02:04+03:00" level=debug msg="config data: &{{localhost netflix 5432 postgres qwerty} {:8085}}" func=main.main file="/home/ya/GolandProjects/netflix-movies/cmd/main/main.go:26"
time="2021-10-19T13:02:04+03:00" level=info msg="db initialized" func=main.main file="/home/ya/GolandProjects/netflix-movies/cmd/main/main.go:31"
time="2021-10-19T13:04:02+03:00" level=info msg="logger initialized" func=main.main file="/home/ya/GolandProjects/netflix-movies/cmd/main/main.go:22"
time="2021-10-19T13:04:02+03:00" level=info msg="config initialized" func=main.main file="/home/ya/GolandProjects/netflix-movies/cmd/main/main.go:25"
time="2021-10-19T13:04:02+03:00" level=debug msg="config data: &{{localhost netflix 5432 postgres qwerty} {:8085}}" func=main.main file="/home/ya/GolandProjects/netflix-movies/cmd/main/main.go:26"
time="2021-10-19T13:04:02+03:00" level=info msg="db initialized" func=main.main file="/home/ya/GolandProjects/netflix-movies/cmd/main/main.go:31"
time="2021-10-19T13:04:02+03:00" level=info msg="starting grpc server" func="netflix-movies/internal/server.(*GRPCServer).Start" file="/home/ya/GolandProjects/netflix-movies/internal/server/server.go:24"
time="2021-10-19T13:17:23+03:00" level=info msg="logger initialized" func=main.main file="/home/ya/GolandProjects/netflix-movies/cmd/main/main.go:22"
time="2021-10-19T13:17:23+03:00" level=info msg="config initialized" func=main.main file="/home/ya/GolandProjects/netflix-movies/cmd/main/main.go:25"
time="2021-10-19T13:17:23+03:00" level=debug msg="config data: &{{localhost netflix 5432 postgres qwerty} {:8085}}" func=main.main file="/home/ya/GolandProjects/netflix-movies/cmd/main/main.go:26"
time="2021-10-19T13:17:23+03:00" level=info msg="db initialized" func=main.main file="/home/ya/GolandProjects/netflix-movies/cmd/main/main.go:31"
time="2021-10-19T13:17:23+03:00" level=info msg="starting grpc server" func="netflix-movies/internal/server.(*GRPCServer).Start" file="/home/ya/GolandProjects/netflix-movies/internal/server/server.go:24"
time="2021-10-19T13:18:11+03:00" level=info msg="logger initialized" func=main.main file="/home/ya/GolandProjects/netflix-movies/cmd/main/main.go:22"
time="2021-10-19T13:18:11+03:00" level=info msg="config initialized" func=main.main file="/home/ya/GolandProjects/netflix-movies/cmd/main/main.go:25"
time="2021-10-19T13:18:11+03:00" level=debug msg="config data: &{{localhost netflix 5432 postgres qwerty} {:8085}}" func=main.main file="/home/ya/GolandProjects/netflix-movies/cmd/main/main.go:26"
time="2021-10-19T13:18:11+03:00" level=info msg="db initialized" func=main.main file="/home/ya/GolandProjects/netflix-movies/cmd/main/main.go:31"
time="2021-10-19T13:18:11+03:00" level=info msg="starting grpc server" func="netflix-movies/internal/server.(*GRPCServer).Start" file="/home/ya/GolandProjects/netflix-movies/internal/server/server.go:24"
time="2021-10-19T13:43:39+03:00" level=info msg="logger initialized" func=main.main file="/home/ya/GolandProjects/netflix-movies/cmd/main/main.go:22"
time="2021-10-19T13:43:39+03:00" level=info msg="config initialized" func=main.main file="/home/ya/GolandProjects/netflix-movies/cmd/main/main.go:25"
time="2021-10-19T13:43:39+03:00" level=debug msg="config data: &{{localhost netflix 5432 postgres qwerty} {:8085}}" func=main.main file="/home/ya/GolandProjects/netflix-movies/cmd/main/main.go:26"
time="2021-10-19T13:43:39+03:00" level=info msg="db initialized" func=main.main file="/home/ya/GolandProjects/netflix-movies/cmd/main/main.go:31"
time="2021-10-19T13:43:39+03:00" level=info msg="starting grpc server" func="netflix-movies/internal/server.(*GRPCServer).Start" file="/home/ya/GolandProjects/netflix-movies/internal/server/server.go:24"
time="2021-10-19T14:00:37+03:00" level=info msg="logger initialized" func=main.main file="/home/ya/GolandProjects/netflix-movies/cmd/main/main.go:22"
time="2021-10-19T14:00:37+03:00" level=info msg="config initialized" func=main.main file="/home/ya/GolandProjects/netflix-movies/cmd/main/main.go:25"
time="2021-10-19T14:00:37+03:00" level=debug msg="config data: &{{localhost netflix 5432 postgres qwerty} {:8085}}" func=main.main file="/home/ya/GolandProjects/netflix-movies/cmd/main/main.go:26"
time="2021-10-19T14:00:37+03:00" level=info msg="db initialized" func=main.main file="/home/ya/GolandProjects/netflix-movies/cmd/main/main.go:31"
time="2021-10-19T14:00:37+03:00" level=info msg="starting grpc server" func="netflix-movies/internal/server.(*GRPCServer).Start" file="/home/ya/GolandProjects/netflix-movies/internal/server/server.go:24"
time="2021-10-19T14:18:20+03:00" level=info msg="logger initialized" func=main.main file="/home/ya/GolandProjects/netflix-movies/cmd/main/main.go:22"
time="2021-10-19T14:18:20+03:00" level=info msg="config initialized" func=main.main file="/home/ya/GolandProjects/netflix-movies/cmd/main/main.go:25"
time="2021-10-19T14:18:20+03:00" level=debug msg="config data: &{{localhost netflix 5432 postgres qwerty} {:8085}}" func=main.main file="/home/ya/GolandProjects/netflix-movies/cmd/main/main.go:26"
time="2021-10-19T14:18:20+03:00" level=info msg="db initialized" func=main.main file="/home/ya/GolandProjects/netflix-movies/cmd/main/main.go:31"
time="2021-10-19T14:18:20+03:00" level=info msg="starting grpc server" func="netflix-movies/internal/server.(*GRPCServer).Start" file="/home/ya/GolandProjects/netflix-movies/internal/server/server.go:24"
time="2021-10-19T15:17:36+03:00" level=info msg="logger initialized" func=main.main file="/home/ya/GolandProjects/netflix-movies/cmd/main/main.go:22"
time="2021-10-19T15:17:36+03:00" level=info msg="config initialized" func=main.main file="/home/ya/GolandProjects/netflix-movies/cmd/main/main.go:25"
time="2021-10-19T15:17:36+03:00" level=debug msg="config data: &{{localhost netflix 5432 postgres qwerty} {:8085}}" func=main.main file="/home/ya/GolandProjects/netflix-movies/cmd/main/main.go:26"
time="2021-10-19T15:17:36+03:00" level=info msg="db initialized" func=main.main file="/home/ya/GolandProjects/netflix-movies/cmd/main/main.go:31"
time="2021-10-19T15:17:36+03:00" level=info msg="starting grpc server" func="netflix-movies/internal/server.(*GRPCServer).Start" file="/home/ya/GolandProjects/netflix-movies/internal/server/server.go:24"
time="2021-10-19T16:54:12+03:00" level=info msg="logger initialized" func=main.main file="/home/ya/GolandProjects/netflix-movies/cmd/main/main.go:22"
time="2021-10-19T16:54:12+03:00" level=info msg="config initialized" func=main.main file="/home/ya/GolandProjects/netflix-movies/cmd/main/main.go:25"
time="2021-10-19T16:54:12+03:00" level=debug msg="config data: &{{localhost netflix 5432 postgres qwerty} {:8085}}" func=main.main file="/home/ya/GolandProjects/netflix-movies/cmd/main/main.go:26"
time="2021-10-19T16:54:12+03:00" level=info msg="db initialized" func=main.main file="/home/ya/GolandProjects/netflix-movies/cmd/main/main.go:31"
time="2021-10-19T16:54:12+03:00" level=info msg="starting grpc server" func="netflix-movies/internal/server.(*GRPCServer).Start" file="/home/ya/GolandProjects/netflix-movies/internal/server/server.go:24"
time="2021-10-19T17:00:37+03:00" level=info msg="logger initialized" func=main.main file="/home/ya/GolandProjects/netflix-movies/cmd/main/main.go:22"
time="2021-10-19T17:00:37+03:00" level=info msg="config initialized" func=main.main file="/home/ya/GolandProjects/netflix-movies/cmd/main/main.go:25"
time="2021-10-19T17:00:37+03:00" level=debug msg="config data: &{{localhost netflix 5432 postgres qwerty} {:8085}}" func=main.main file="/home/ya/GolandProjects/netflix-movies/cmd/main/main.go:26"
time="2021-10-19T17:00:37+03:00" level=info msg="db initialized" func=main.main file="/home/ya/GolandProjects/netflix-movies/cmd/main/main.go:31"
time="2021-10-19T17:00:37+03:00" level=info msg="starting grpc server" func="netflix-movies/internal/server.(*GRPCServer).Start" file="/home/ya/GolandProjects/netflix-movies/internal/server/server.go:24"
time="2021-10-19T17:04:01+03:00" level=info msg="logger initialized" func=main.main file="/home/ya/GolandProjects/netflix-movies/cmd/main/main.go:22"
time="2021-10-19T17:04:01+03:00" level=info msg="config initialized" func=main.main file="/home/ya/GolandProjects/netflix-movies/cmd/main/main.go:25"
time="2021-10-19T17:04:01+03:00" level=debug msg="config data: &{{localhost netflix 5432 postgres qwerty} {:8085}}" func=main.main file="/home/ya/GolandProjects/netflix-movies/cmd/main/main.go:26"
time="2021-10-19T17:04:01+03:00" level=info msg="db initialized" func=main.main file="/home/ya/GolandProjects/netflix-movies/cmd/main/main.go:31"
time="2021-10-19T17:04:01+03:00" level=info msg="starting grpc server" func="netflix-movies/internal/server.(*GRPCServer).Start" file="/home/ya/GolandProjects/netflix-movies/internal/server/server.go:24"
time="2021-10-19T17:23:07+03:00" level=info msg="logger initialized" func=main.main file="/home/ya/GolandProjects/netflix-movies/cmd/main/main.go:22"
time="2021-10-19T17:23:07+03:00" level=info msg="config initialized" func=main.main file="/home/ya/GolandProjects/netflix-movies/cmd/main/main.go:25"
time="2021-10-19T17:23:07+03:00" level=debug msg="config data: &{{localhost netflix 5432 postgres qwerty} {:8085}}" func=main.main file="/home/ya/GolandProjects/netflix-movies/cmd/main/main.go:26"
time="2021-10-19T17:23:07+03:00" level=info msg="db initialized" func=main.main file="/home/ya/GolandProjects/netflix-movies/cmd/main/main.go:31"
time="2021-10-19T17:23:07+03:00" level=info msg="starting grpc server" func="netflix-movies/internal/server.(*GRPCServer).Start" file="/home/ya/GolandProjects/netflix-movies/internal/server/server.go:24"
time="2021-10-19T17:23:57+03:00" level=info msg="logger initialized" func=main.main file="/home/ya/GolandProjects/netflix-movies/cmd/main/main.go:22"
time="2021-10-19T17:23:57+03:00" level=info msg="config initialized" func=main.main file="/home/ya/GolandProjects/netflix-movies/cmd/main/main.go:25"
time="2021-10-19T17:23:57+03:00" level=debug msg="config data: &{{localhost netflix 5432 postgres qwerty} {:8085}}" func=main.main file="/home/ya/GolandProjects/netflix-movies/cmd/main/main.go:26"
time="2021-10-19T17:23:57+03:00" level=info msg="db initialized" func=main.main file="/home/ya/GolandProjects/netflix-movies/cmd/main/main.go:31"
time="2021-10-19T17:23:57+03:00" level=info msg="starting grpc server" func="netflix-movies/internal/server.(*GRPCServer).Start" file="/home/ya/GolandProjects/netflix-movies/internal/server/server.go:24"
time="2021-10-19T17:24:59+03:00" level=info msg="logger initialized" func=main.main file="/home/ya/GolandProjects/netflix-movies/cmd/main/main.go:22"
time="2021-10-19T17:24:59+03:00" level=info msg="config initialized" func=main.main file="/home/ya/GolandProjects/netflix-movies/cmd/main/main.go:25"
time="2021-10-19T17:24:59+03:00" level=debug msg="config data: &{{localhost netflix 5432 postgres qwerty} {:8085}}" func=main.main file="/home/ya/GolandProjects/netflix-movies/cmd/main/main.go:26"
time="2021-10-19T17:24:59+03:00" level=info msg="db initialized" func=main.main file="/home/ya/GolandProjects/netflix-movies/cmd/main/main.go:31"
time="2021-10-19T17:24:59+03:00" level=info msg="starting grpc server" func="netflix-movies/internal/server.(*GRPCServer).Start" file="/home/ya/GolandProjects/netflix-movies/internal/server/server.go:24"
time="2021-10-19T17:25:46+03:00" level=info msg="logger initialized" func=main.main file="/home/ya/GolandProjects/netflix-movies/cmd/main/main.go:22"
time="2021-10-19T17:25:46+03:00" level=info msg="config initialized" func=main.main file="/home/ya/GolandProjects/netflix-movies/cmd/main/main.go:25"
time="2021-10-19T17:25:46+03:00" level=debug msg="config data: &{{localhost netflix 5432 postgres qwerty} {:8085}}" func=main.main file="/home/ya/GolandProjects/netflix-movies/cmd/main/main.go:26"
time="2021-10-19T17:25:46+03:00" level=info msg="db initialized" func=main.main file="/home/ya/GolandProjects/netflix-movies/cmd/main/main.go:31"
time="2021-10-19T17:25:46+03:00" level=info msg="starting grpc server" func="netflix-movies/internal/server.(*GRPCServer).Start" file="/home/ya/GolandProjects/netflix-movies/internal/server/server.go:24"
time="2021-10-20T10:58:28+03:00" level=info msg="logger initialized" func=main.main file="/home/ya/GolandProjects/netflix-movies/cmd/main/main.go:20"
time="2021-10-20T10:58:28+03:00" level=info msg="config initialized" func=main.main file="/home/ya/GolandProjects/netflix-movies/cmd/main/main.go:23"
time="2021-10-20T10:58:28+03:00" level=debug msg="config data: &{{localhost netflix 5432 postgres qwerty} {:8085}}" func=main.main file="/home/ya/GolandProjects/netflix-movies/cmd/main/main.go:24"
time="2021-10-20T10:58:28+03:00" level=info msg="db initialized" func=main.main file="/home/ya/GolandProjects/netflix-movies/cmd/main/main.go:29"
time="2021-10-20T10:58:28+03:00" level=info msg="starting grpc server" func="netflix-movies/internal/server.(*GRPCServer).Start" file="/home/ya/GolandProjects/netflix-movies/internal/server/server.go:24"
time="2021-10-20T10:58:43+03:00" level=info msg="logger initialized" func=main.main file="/home/ya/GolandProjects/netflix-movies/cmd/main/main.go:20"
time="2021-10-20T10:58:43+03:00" level=info msg="config initialized" func=main.main file="/home/ya/GolandProjects/netflix-movies/cmd/main/main.go:23"
time="2021-10-20T10:58:43+03:00" level=debug msg="config data: &{{netflix_postgres netflix 5432 postgres qwerty} {:8085}}" func=main.main file="/home/ya/GolandProjects/netflix-movies/cmd/main/main.go:24"
time="2021-10-20T12:23:20+03:00" level=info msg="logger initialized" func=main.main file="/home/ya/GolandProjects/netflix-movies/cmd/main/main.go:20"
time="2021-10-20T12:23:20+03:00" level=info msg="config initialized" func=main.main file="/home/ya/GolandProjects/netflix-movies/cmd/main/main.go:23"
time="2021-10-20T12:23:20+03:00" level=debug msg="config data: &{{netflix_postgres netflix 5432 postgres qwerty} {:8085}}" func=main.main file="/home/ya/GolandProjects/netflix-movies/cmd/main/main.go:24"
time="2021-10-20T12:23:34+03:00" level=info msg="logger initialized" func=main.main file="/home/ya/GolandProjects/netflix-movies/cmd/main/main.go:20"
time="2021-10-20T12:23:34+03:00" level=info msg="config initialized" func=main.main file="/home/ya/GolandProjects/netflix-movies/cmd/main/main.go:23"
time="2021-10-20T12:23:34+03:00" level=debug msg="config data: &{{localhost netflix 5432 postgres qwerty} {:8085}}" func=main.main file="/home/ya/GolandProjects/netflix-movies/cmd/main/main.go:24"
time="2021-10-20T12:23:34+03:00" level=info msg="db initialized" func=main.main file="/home/ya/GolandProjects/netflix-movies/cmd/main/main.go:29"
time="2021-10-20T12:23:34+03:00" level=info msg="starting grpc server" func="netflix-movies/internal/server.(*GRPCServer).Start" file="/home/ya/GolandProjects/netflix-movies/internal/server/server.go:24"
time="2021-10-20T12:23:58+03:00" level=info msg="logger initialized" func=main.main file="/home/ya/GolandProjects/netflix-movies/cmd/main/main.go:20"
time="2021-10-20T12:23:58+03:00" level=info msg="config initialized" func=main.main file="/home/ya/GolandProjects/netflix-movies/cmd/main/main.go:23"
time="2021-10-20T12:23:58+03:00" level=debug msg="config data: &{{localhost netflix 5432 postgres qwerty} {:8085}}" func=main.main file="/home/ya/GolandProjects/netflix-movies/cmd/main/main.go:24"
time="2021-10-20T12:23:58+03:00" level=info msg="db initialized" func=main.main file="/home/ya/GolandProjects/netflix-movies/cmd/main/main.go:29"
time="2021-10-20T12:23:58+03:00" level=info msg="starting grpc server" func="netflix-movies/internal/server.(*GRPCServer).Start" file="/home/ya/GolandProjects/netflix-movies/internal/server/server.go:24"
time="2021-10-20T12:24:33+03:00" level=info msg="logger initialized" func=main.main file="/home/ya/GolandProjects/netflix-movies/cmd/main/main.go:20"
time="2021-10-20T12:24:33+03:00" level=info msg="config initialized" func=main.main file="/home/ya/GolandProjects/netflix-movies/cmd/main/main.go:23"
time="2021-10-20T12:24:33+03:00" level=debug msg="config data: &{{localhost netflix 5432 postgres qwerty} {:8085}}" func=main.main file="/home/ya/GolandProjects/netflix-movies/cmd/main/main.go:24"
time="2021-10-20T12:24:33+03:00" level=info msg="db initialized" func=main.main file="/home/ya/GolandProjects/netflix-movies/cmd/main/main.go:29"
time="2021-10-20T12:24:33+03:00" level=info msg="starting grpc server" func="netflix-movies/internal/server.(*GRPCServer).Start" file="/home/ya/GolandProjects/netflix-movies/internal/server/server.go:24"
